
/home/runner/work/exp-pathloss-shadowing-iiith/exp-pathloss-shadowing-iiith/experiment/simulation/js/main.js
    1:10  warning  'openPart' is defined but never used    no-unused-vars
    2:1   warning  Irregular whitespace not allowed        no-irregular-whitespace
    2:3   warning  Irregular whitespace not allowed        no-irregular-whitespace
    3:1   warning  Irregular whitespace not allowed        no-irregular-whitespace
    3:3   warning  Irregular whitespace not allowed        no-irregular-whitespace
    4:1   warning  Irregular whitespace not allowed        no-irregular-whitespace
    4:3   warning  Irregular whitespace not allowed        no-irregular-whitespace
    5:1   warning  Irregular whitespace not allowed        no-irregular-whitespace
    5:3   warning  Irregular whitespace not allowed        no-irregular-whitespace
    5:5   warning  Irregular whitespace not allowed        no-irregular-whitespace
    6:1   warning  Irregular whitespace not allowed        no-irregular-whitespace
    6:3   warning  Irregular whitespace not allowed        no-irregular-whitespace
    7:1   warning  Irregular whitespace not allowed        no-irregular-whitespace
    7:3   warning  Irregular whitespace not allowed        no-irregular-whitespace
    8:1   warning  Irregular whitespace not allowed        no-irregular-whitespace
    8:3   warning  Irregular whitespace not allowed        no-irregular-whitespace
    9:1   warning  Irregular whitespace not allowed        no-irregular-whitespace
    9:3   warning  Irregular whitespace not allowed        no-irregular-whitespace
    9:5   warning  Irregular whitespace not allowed        no-irregular-whitespace
   10:1   warning  Irregular whitespace not allowed        no-irregular-whitespace
   10:3   warning  Irregular whitespace not allowed        no-irregular-whitespace
   11:1   warning  Irregular whitespace not allowed        no-irregular-whitespace
   11:3   warning  Irregular whitespace not allowed        no-irregular-whitespace
   12:1   warning  Irregular whitespace not allowed        no-irregular-whitespace
   12:3   warning  Irregular whitespace not allowed        no-irregular-whitespace
   16:1   warning  Irregular whitespace not allowed        no-irregular-whitespace
   16:3   warning  Irregular whitespace not allowed        no-irregular-whitespace
  136:13  warning  'Chart' is not defined                  no-undef
  137:13  warning  'Chart' is not defined                  no-undef
  309:15  warning  'G' is assigned a value but never used  no-unused-vars
  412:32  warning  'index' is defined but never used       no-unused-vars
  440:13  warning  'Chart' is not defined                  no-undef
  441:13  warning  'Chart' is not defined                  no-undef
  457:13  warning  'Chart' is not defined                  no-undef
  496:37  warning  'args' is defined but never used        no-unused-vars
  496:43  warning  'options' is defined but never used     no-unused-vars
  813:29  warning  'Chart' is not defined                  no-undef

✖ 37 problems (0 errors, 37 warnings)

